14/01/2019 19:12:38 (Std) 	+-+-+-+-+-+-+-+-+-+-+-+-+-+-+-+-+-+-+-+-+-+-+-+-+-+-+-+-+-+-+-+-+-+-+-+-+-+-+-+
14/01/2019 19:12:38 (Std) 	+                     Crazy Eddie's GUI System - Event log                    +
14/01/2019 19:12:38 (Std) 	+                          (http://www.cegui.org.uk/)                         +
14/01/2019 19:12:38 (Std) 	+-+-+-+-+-+-+-+-+-+-+-+-+-+-+-+-+-+-+-+-+-+-+-+-+-+-+-+-+-+-+-+-+-+-+-+-+-+-+-+

14/01/2019 19:12:38 (Std) 	CEGUI::Logger singleton created. (0x55bdeaf98500)
14/01/2019 19:12:38 (Std) 	
14/01/2019 19:12:38 (Std) 	********************************************************************************
14/01/2019 19:12:38 (Std) 	* Important:                                                                   *
14/01/2019 19:12:38 (Std) 	*     To get support at the CEGUI forums, you must post _at least_ the section *
14/01/2019 19:12:38 (Std) 	*     of this log file indicated below.  Failure to do this will result in no  *
14/01/2019 19:12:38 (Std) 	*     support being given; please do not waste our time.                       *
14/01/2019 19:12:38 (Std) 	********************************************************************************
14/01/2019 19:12:38 (Std) 	********************************************************************************
14/01/2019 19:12:38 (Std) 	* -------- START OF ESSENTIAL SECTION TO BE POSTED ON THE FORUM       -------- *
14/01/2019 19:12:38 (Std) 	********************************************************************************
14/01/2019 19:12:38 (Std) 	---- Version: 0.8.7 (Build: Sep  3 2018 GNU/Linux g++ 7.3.0 64 bit) ----
14/01/2019 19:12:38 (Std) 	---- Renderer module is: CEGUI::OpenGL3Renderer - Official OpenGL 3.2 core based renderer module.  TextureTarget support enabled via FBO OGL 3.2 core implementation. ----
14/01/2019 19:12:38 (Std) 	---- XML Parser module is: CEGUI::ExpatParser - Official expat based parser module for CEGUI ----
14/01/2019 19:12:38 (Std) 	---- Image Codec module is: SILLYImageCodec - Official SILLY based image codec ----
14/01/2019 19:12:38 (Std) 	---- Scripting module is: None ----
14/01/2019 19:12:38 (Std) 	********************************************************************************
14/01/2019 19:12:38 (Std) 	* -------- END OF ESSENTIAL SECTION TO BE POSTED ON THE FORUM         -------- *
14/01/2019 19:12:38 (Std) 	********************************************************************************
14/01/2019 19:12:38 (Std) 	
14/01/2019 19:12:38 (Std) 	---- Begining CEGUI System initialisation ----
14/01/2019 19:12:38 (Std) 	[CEGUI::ImageManager] Singleton created (0x55bdeaf8d060)
14/01/2019 19:12:38 (Std) 	[CEGUI::ImageManager] Registered Image type: BasicImage
14/01/2019 19:12:38 (Std) 	CEGUI::FontManager singleton created. (0x55bdeafa7390)
14/01/2019 19:12:38 (Std) 	CEGUI::WindowFactoryManager singleton created
14/01/2019 19:12:38 (Std) 	CEGUI::WindowManager singleton created (0x55bdeafb1f70)
14/01/2019 19:12:38 (Std) 	CEGUI::SchemeManager singleton created. (0x55bdeafb2200)
14/01/2019 19:12:38 (Std) 	CEGUI::GlobalEventSet singleton created. (0x55bdeafb2150)
14/01/2019 19:12:38 (Std) 	CEGUI::AnimationManager singleton created (0x55bdeafb1510)
14/01/2019 19:12:38 (Std) 	CEGUI::WidgetLookManager singleton created. (0x55bdeafea280)
14/01/2019 19:12:38 (Std) 	CEGUI::WindowRendererManager singleton created (0x55bdeafabc20)
14/01/2019 19:12:38 (Std) 	CEGUI::RenderEffectManager singleton created (0x55bdeafb1840)
14/01/2019 19:12:38 (Std) 	Created WindowFactory for 'DefaultWindow' windows.
14/01/2019 19:12:38 (Std) 	WindowFactory for 'DefaultWindow' windows added. (0x55bdeafb3f30)
14/01/2019 19:12:38 (Std) 	Created WindowFactory for 'DragContainer' windows.
14/01/2019 19:12:38 (Std) 	WindowFactory for 'DragContainer' windows added. (0x55bdeafb5840)
14/01/2019 19:12:38 (Std) 	Created WindowFactory for 'ScrolledContainer' windows.
14/01/2019 19:12:38 (Std) 	WindowFactory for 'ScrolledContainer' windows added. (0x55bdeafb5a00)
14/01/2019 19:12:38 (Std) 	Created WindowFactory for 'ClippedContainer' windows.
14/01/2019 19:12:38 (Std) 	WindowFactory for 'ClippedContainer' windows added. (0x55bdeafb5ac0)
14/01/2019 19:12:38 (Std) 	Created WindowFactory for 'CEGUI/PushButton' windows.
14/01/2019 19:12:38 (Std) 	WindowFactory for 'CEGUI/PushButton' windows added. (0x55bdeafb5b80)
14/01/2019 19:12:38 (Std) 	Created WindowFactory for 'CEGUI/RadioButton' windows.
14/01/2019 19:12:38 (Std) 	WindowFactory for 'CEGUI/RadioButton' windows added. (0x55bdeafb6140)
14/01/2019 19:12:38 (Std) 	Created WindowFactory for 'CEGUI/Combobox' windows.
14/01/2019 19:12:38 (Std) 	WindowFactory for 'CEGUI/Combobox' windows added. (0x55bdeafb62e0)
14/01/2019 19:12:38 (Std) 	Created WindowFactory for 'CEGUI/ComboDropList' windows.
14/01/2019 19:12:38 (Std) 	WindowFactory for 'CEGUI/ComboDropList' windows added. (0x55bdeafb6480)
14/01/2019 19:12:38 (Std) 	Created WindowFactory for 'CEGUI/Editbox' windows.
14/01/2019 19:12:38 (Std) 	WindowFactory for 'CEGUI/Editbox' windows added. (0x55bdeafb6970)
14/01/2019 19:12:38 (Std) 	Created WindowFactory for 'CEGUI/FrameWindow' windows.
14/01/2019 19:12:38 (Std) 	WindowFactory for 'CEGUI/FrameWindow' windows added. (0x55bdeafb6a30)
14/01/2019 19:12:38 (Std) 	Created WindowFactory for 'CEGUI/ItemEntry' windows.
14/01/2019 19:12:38 (Std) 	WindowFactory for 'CEGUI/ItemEntry' windows added. (0x55bdeafb6af0)
14/01/2019 19:12:38 (Std) 	Created WindowFactory for 'CEGUI/Listbox' windows.
14/01/2019 19:12:38 (Std) 	WindowFactory for 'CEGUI/Listbox' windows added. (0x55bdeafb6bb0)
14/01/2019 19:12:38 (Std) 	Created WindowFactory for 'CEGUI/ListHeader' windows.
14/01/2019 19:12:38 (Std) 	WindowFactory for 'CEGUI/ListHeader' windows added. (0x55bdeafb6f10)
14/01/2019 19:12:38 (Std) 	Created WindowFactory for 'CEGUI/ListHeaderSegment' windows.
14/01/2019 19:12:38 (Std) 	WindowFactory for 'CEGUI/ListHeaderSegment' windows added. (0x55bdeafb7140)
14/01/2019 19:12:38 (Std) 	Created WindowFactory for 'CEGUI/Menubar' windows.
14/01/2019 19:12:38 (Std) 	WindowFactory for 'CEGUI/Menubar' windows added. (0x55bdeafb7200)
14/01/2019 19:12:38 (Std) 	Created WindowFactory for 'CEGUI/PopupMenu' windows.
14/01/2019 19:12:38 (Std) 	WindowFactory for 'CEGUI/PopupMenu' windows added. (0x55bdeafb7480)
14/01/2019 19:12:38 (Std) 	Created WindowFactory for 'CEGUI/MenuItem' windows.
14/01/2019 19:12:38 (Std) 	WindowFactory for 'CEGUI/MenuItem' windows added. (0x55bdeafb7640)
14/01/2019 19:12:38 (Std) 	Created WindowFactory for 'CEGUI/MultiColumnList' windows.
14/01/2019 19:12:38 (Std) 	WindowFactory for 'CEGUI/MultiColumnList' windows added. (0x55bdeafb7700)
14/01/2019 19:12:38 (Std) 	Created WindowFactory for 'CEGUI/MultiLineEditbox' windows.
14/01/2019 19:12:38 (Std) 	WindowFactory for 'CEGUI/MultiLineEditbox' windows added. (0x55bdeafb7b40)
14/01/2019 19:12:38 (Std) 	Created WindowFactory for 'CEGUI/ProgressBar' windows.
14/01/2019 19:12:38 (Std) 	WindowFactory for 'CEGUI/ProgressBar' windows added. (0x55bdeafb7c00)
14/01/2019 19:12:38 (Std) 	Created WindowFactory for 'CEGUI/ScrollablePane' windows.
14/01/2019 19:12:38 (Std) 	WindowFactory for 'CEGUI/ScrollablePane' windows added. (0x55bdeafb7cc0)
14/01/2019 19:12:38 (Std) 	Created WindowFactory for 'CEGUI/Scrollbar' windows.
14/01/2019 19:12:38 (Std) 	WindowFactory for 'CEGUI/Scrollbar' windows added. (0x55bdeafb7d80)
14/01/2019 19:12:38 (Std) 	Created WindowFactory for 'CEGUI/Slider' windows.
14/01/2019 19:12:38 (Std) 	WindowFactory for 'CEGUI/Slider' windows added. (0x55bdeafb80e0)
14/01/2019 19:12:38 (Std) 	Created WindowFactory for 'CEGUI/Spinner' windows.
14/01/2019 19:12:38 (Std) 	WindowFactory for 'CEGUI/Spinner' windows added. (0x55bdeafb81a0)
14/01/2019 19:12:38 (Std) 	Created WindowFactory for 'CEGUI/TabButton' windows.
14/01/2019 19:12:38 (Std) 	WindowFactory for 'CEGUI/TabButton' windows added. (0x55bdeafb8420)
14/01/2019 19:12:38 (Std) 	Created WindowFactory for 'CEGUI/TabControl' windows.
14/01/2019 19:12:38 (Std) 	WindowFactory for 'CEGUI/TabControl' windows added. (0x55bdeafb84e0)
14/01/2019 19:12:38 (Std) 	Created WindowFactory for 'CEGUI/Thumb' windows.
14/01/2019 19:12:38 (Std) 	WindowFactory for 'CEGUI/Thumb' windows added. (0x55bdeafb85a0)
14/01/2019 19:12:38 (Std) 	Created WindowFactory for 'CEGUI/Titlebar' windows.
14/01/2019 19:12:38 (Std) 	WindowFactory for 'CEGUI/Titlebar' windows added. (0x55bdeafb8900)
14/01/2019 19:12:38 (Std) 	Created WindowFactory for 'CEGUI/ToggleButton' windows.
14/01/2019 19:12:38 (Std) 	WindowFactory for 'CEGUI/ToggleButton' windows added. (0x55bdeafb8c60)
14/01/2019 19:12:38 (Std) 	Created WindowFactory for 'CEGUI/Tooltip' windows.
14/01/2019 19:12:38 (Std) 	WindowFactory for 'CEGUI/Tooltip' windows added. (0x55bdeafb8d20)
14/01/2019 19:12:38 (Std) 	Created WindowFactory for 'CEGUI/ItemListbox' windows.
14/01/2019 19:12:38 (Std) 	WindowFactory for 'CEGUI/ItemListbox' windows added. (0x55bdeafb8de0)
14/01/2019 19:12:38 (Std) 	Created WindowFactory for 'CEGUI/GroupBox' windows.
14/01/2019 19:12:38 (Std) 	WindowFactory for 'CEGUI/GroupBox' windows added. (0x55bdeafb8ea0)
14/01/2019 19:12:38 (Std) 	Created WindowFactory for 'CEGUI/Tree' windows.
14/01/2019 19:12:38 (Std) 	WindowFactory for 'CEGUI/Tree' windows added. (0x55bdeafb8f60)
14/01/2019 19:12:38 (Std) 	Created WindowFactory for 'LayoutCell' windows.
14/01/2019 19:12:38 (Std) 	WindowFactory for 'LayoutCell' windows added. (0x55bdeafb93a0)
14/01/2019 19:12:38 (Std) 	Created WindowFactory for 'HorizontalLayoutContainer' windows.
14/01/2019 19:12:38 (Std) 	WindowFactory for 'HorizontalLayoutContainer' windows added. (0x55bdeafb9460)
14/01/2019 19:12:38 (Std) 	Created WindowFactory for 'VerticalLayoutContainer' windows.
14/01/2019 19:12:38 (Std) 	WindowFactory for 'VerticalLayoutContainer' windows added. (0x55bdeafb96e0)
14/01/2019 19:12:38 (Std) 	Created WindowFactory for 'GridLayoutContainer' windows.
14/01/2019 19:12:38 (Std) 	WindowFactory for 'GridLayoutContainer' windows added. (0x55bdeafb97a0)
14/01/2019 19:12:38 (Std) 	CEGUI::System singleton created. (0x55bdeafa97b0)
14/01/2019 19:12:38 (Std) 	---- CEGUI System initialisation completed ----
14/01/2019 19:12:38 (Std) 	
14/01/2019 19:12:38 (Std) 	Started creation of Scheme from XML specification:
14/01/2019 19:12:38 (Std) 	---- CEGUI GUIScheme name: VanillaSkin
14/01/2019 19:12:38 (Std) 	[ImageManager] Started creation of Imageset from XML specification:
14/01/2019 19:12:38 (Std) 	[ImageManager] ---- CEGUI Imageset name: Vanilla-Images
14/01/2019 19:12:38 (Std) 	[ImageManager] ---- Source texture file: vanilla.png
14/01/2019 19:12:38 (Std) 	[ImageManager] ---- Source texture resource group: (Default)
14/01/2019 19:12:38 (Std) 	[OpenGLRenderer] Created texture: Vanilla-Images
14/01/2019 19:12:38 (Std) 	[ImageManager] Created image: 'Vanilla-Images/GenericBrush' (0x55bdeafd7850) of type: BasicImage
14/01/2019 19:12:38 (Std) 	[ImageManager] Created image: 'Vanilla-Images/FrameTopLeft' (0x55bdeafb16b0) of type: BasicImage
14/01/2019 19:12:38 (Std) 	[ImageManager] Created image: 'Vanilla-Images/FrameTopRight' (0x55bdeb000440) of type: BasicImage
14/01/2019 19:12:38 (Std) 	[ImageManager] Created image: 'Vanilla-Images/FrameBottomLeft' (0x55bdeb0002b0) of type: BasicImage
14/01/2019 19:12:38 (Std) 	[ImageManager] Created image: 'Vanilla-Images/FrameBottomRight' (0x55bdeb007260) of type: BasicImage
14/01/2019 19:12:38 (Std) 	[ImageManager] Created image: 'Vanilla-Images/FrameLeft' (0x55bdeb007700) of type: BasicImage
14/01/2019 19:12:38 (Std) 	[ImageManager] Created image: 'Vanilla-Images/FrameRight' (0x55bdeb007c20) of type: BasicImage
14/01/2019 19:12:38 (Std) 	[ImageManager] Created image: 'Vanilla-Images/FrameTop' (0x55bdeb0059d0) of type: BasicImage
14/01/2019 19:12:38 (Std) 	[ImageManager] Created image: 'Vanilla-Images/FrameBottom' (0x55bdeb0081a0) of type: BasicImage
14/01/2019 19:12:38 (Std) 	[ImageManager] Created image: 'Vanilla-Images/ScrollUpArrow' (0x55bdeb005520) of type: BasicImage
14/01/2019 19:12:38 (Std) 	[ImageManager] Created image: 'Vanilla-Images/ScrollDownArrow' (0x55bdeb005640) of type: BasicImage
14/01/2019 19:12:38 (Std) 	[ImageManager] Created image: 'Vanilla-Images/VertScrollContainer' (0x55bdeafffcf0) of type: BasicImage
14/01/2019 19:12:38 (Std) 	[ImageManager] Created image: 'Vanilla-Images/ScrollLeftArrow' (0x55bdeb00f810) of type: BasicImage
14/01/2019 19:12:38 (Std) 	[ImageManager] Created image: 'Vanilla-Images/ScrollRightArrow' (0x55bdeb00f930) of type: BasicImage
14/01/2019 19:12:38 (Std) 	[ImageManager] Created image: 'Vanilla-Images/HorzScrollContainer' (0x55bdeb00fde0) of type: BasicImage
14/01/2019 19:12:38 (Std) 	[ImageManager] Created image: 'Vanilla-Images/ScrollbarThumb' (0x55bdeb010130) of type: BasicImage
14/01/2019 19:12:38 (Std) 	[ImageManager] Created image: 'Vanilla-Images/ShadowBrush' (0x55bdeb010250) of type: BasicImage
14/01/2019 19:12:38 (Std) 	[ImageManager] Created image: 'Vanilla-Images/MouseArrow' (0x55bdeb0108c0) of type: BasicImage
14/01/2019 19:12:38 (Std) 	[ImageManager] Created image: 'Vanilla-Images/CheckboxNormal' (0x55bdeb0085e0) of type: BasicImage
14/01/2019 19:12:38 (Std) 	[ImageManager] Created image: 'Vanilla-Images/CheckboxHover' (0x55bdeb010ad0) of type: BasicImage
14/01/2019 19:12:38 (Std) 	[ImageManager] Created image: 'Vanilla-Images/CheckboxMark' (0x55bdeb001b60) of type: BasicImage
14/01/2019 19:12:38 (Std) 	[ImageManager] Created image: 'Vanilla-Images/RadioButtonNormal' (0x55bdeb008450) of type: BasicImage
14/01/2019 19:12:38 (Std) 	[ImageManager] Created image: 'Vanilla-Images/RadioButtonHover' (0x55bdeb011180) of type: BasicImage
14/01/2019 19:12:38 (Std) 	[ImageManager] Created image: 'Vanilla-Images/RadioButtonMark' (0x55bdeb0112a0) of type: BasicImage
14/01/2019 19:12:38 (Std) 	[ImageManager] Created image: 'Vanilla-Images/SliderScrollUpArrow' (0x55bdeb011630) of type: BasicImage
14/01/2019 19:12:38 (Std) 	[ImageManager] Created image: 'Vanilla-Images/SliderScrollDownArrow' (0x55bdeb011980) of type: BasicImage
14/01/2019 19:12:38 (Std) 	[ImageManager] Created image: 'Vanilla-Images/SliderScrollLeftArrow' (0x55bdeb011aa0) of type: BasicImage
14/01/2019 19:12:38 (Std) 	[ImageManager] Created image: 'Vanilla-Images/SliderScrollRightArrow' (0x55bdeb011df0) of type: BasicImage
14/01/2019 19:12:38 (Std) 	[ImageManager] Created image: 'Vanilla-Images/VerticalImageSliderThumb' (0x55bdeb012230) of type: BasicImage
14/01/2019 19:12:38 (Std) 	[ImageManager] Created image: 'Vanilla-Images/HorizontalImageSliderThumb' (0x55bdeb012670) of type: BasicImage
14/01/2019 19:12:38 (Std) 	[ImageManager] Created image: 'Vanilla-Images/VerticalImageSliderContainer' (0x55bdeb0131b0) of type: BasicImage
14/01/2019 19:12:38 (Std) 	[ImageManager] Created image: 'Vanilla-Images/HorizontalImageSliderContainer' (0x55bdeb0138f0) of type: BasicImage
14/01/2019 19:12:38 (Std) 	[ImageManager] Created image: 'Vanilla-Images/DefaultScrollImage' (0x55bdeb013e60) of type: BasicImage
14/01/2019 19:12:38 (Std) 	[ImageManager] Created image: 'Vanilla-Images/VerticalImageSliderTopEnd' (0x55bdeb014100) of type: BasicImage
14/01/2019 19:12:38 (Std) 	[ImageManager] Created image: 'Vanilla-Images/VerticalImageSliderBottomEnd' (0x55bdeb014220) of type: BasicImage
14/01/2019 19:12:38 (Std) 	[ImageManager] Created image: 'Vanilla-Images/HorizontalImageSliderLeftEnd' (0x55bdeb014890) of type: BasicImage
14/01/2019 19:12:38 (Std) 	[ImageManager] Created image: 'Vanilla-Images/HorizontalImageSliderRightEnd' (0x55bdeb014c20) of type: BasicImage
14/01/2019 19:12:38 (Std) 	[ImageManager] Created image: 'Vanilla-Images/ColourPickerCursor' (0x55bdeb014fb0) of type: BasicImage
14/01/2019 19:12:38 (Std) 	[ImageManager] Created image: 'Vanilla-Images/TooltipBottomEdge' (0x55bdeb015250) of type: BasicImage
14/01/2019 19:12:38 (Std) 	[ImageManager] Created image: 'Vanilla-Images/TooltipBottomLeft' (0x55bdeb015370) of type: BasicImage
14/01/2019 19:12:38 (Std) 	[ImageManager] Created image: 'Vanilla-Images/TooltipTopEdge' (0x55bdeb0156a0) of type: BasicImage
14/01/2019 19:12:38 (Std) 	[ImageManager] Created image: 'Vanilla-Images/TooltipTopRight' (0x55bdeb017630) of type: BasicImage
14/01/2019 19:12:38 (Std) 	[ImageManager] Created image: 'Vanilla-Images/TooltipRightEdge' (0x55bdeb0179c0) of type: BasicImage
14/01/2019 19:12:38 (Std) 	[ImageManager] Created image: 'Vanilla-Images/TooltipTopLeft' (0x55bdeb017bd0) of type: BasicImage
14/01/2019 19:12:38 (Std) 	[ImageManager] Created image: 'Vanilla-Images/TooltipLeftEdge' (0x55bdeb017de0) of type: BasicImage
14/01/2019 19:12:38 (Std) 	[ImageManager] Created image: 'Vanilla-Images/TooltipMiddle' (0x55bdeb017ff0) of type: BasicImage
14/01/2019 19:12:38 (Std) 	[ImageManager] Created image: 'Vanilla-Images/TooltipBottomRight' (0x55bdeb0124e0) of type: BasicImage
14/01/2019 19:12:38 (Std) 	[ImageManager] Created image: 'Vanilla-Images/DropDownButtonNormal' (0x55bdeb018510) of type: BasicImage
14/01/2019 19:12:38 (Std) 	[ImageManager] Created image: 'Vanilla-Images/DropDownButtonHover' (0x55bdeb018630) of type: BasicImage
14/01/2019 19:12:38 (Std) 	[ImageManager] Created image: 'Vanilla-Images/DropDownButtonPushed' (0x55bdeb018a90) of type: BasicImage
14/01/2019 19:12:38 (Std) 	===== Falagard 'root' element: look and feel parsing begins =====
14/01/2019 19:12:38 (Std) 	===== Look and feel parsing completed =====
14/01/2019 19:12:38 (Std) 	No window renderer factories specified for module 'CEGUICoreWindowRendererSet' - adding all available factories...
14/01/2019 19:12:38 (Std) 	Created WindowRendererFactory for 'Core/Button' WindowRenderers.
14/01/2019 19:12:38 (Std) 	WindowRendererFactory 'Core/Button' added. (0x55bdeb1fea70)
14/01/2019 19:12:38 (Std) 	Created WindowRendererFactory for 'Core/Default' WindowRenderers.
14/01/2019 19:12:38 (Std) 	WindowRendererFactory 'Core/Default' added. (0x55bdeb1fec40)
14/01/2019 19:12:38 (Std) 	Created WindowRendererFactory for 'Core/Editbox' WindowRenderers.
14/01/2019 19:12:38 (Std) 	WindowRendererFactory 'Core/Editbox' added. (0x55bdeb1fed00)
14/01/2019 19:12:38 (Std) 	Created WindowRendererFactory for 'Core/FrameWindow' WindowRenderers.
14/01/2019 19:12:38 (Std) 	WindowRendererFactory 'Core/FrameWindow' added. (0x55bdeb1feec0)
14/01/2019 19:12:38 (Std) 	Created WindowRendererFactory for 'Core/ItemEntry' WindowRenderers.
14/01/2019 19:12:38 (Std) 	WindowRendererFactory 'Core/ItemEntry' added. (0x55bdeb0023c0)
14/01/2019 19:12:38 (Std) 	Created WindowRendererFactory for 'Core/ListHeader' WindowRenderers.
14/01/2019 19:12:38 (Std) 	WindowRendererFactory 'Core/ListHeader' added. (0x55bdeb002640)
14/01/2019 19:12:38 (Std) 	Created WindowRendererFactory for 'Core/ListHeaderSegment' WindowRenderers.
14/01/2019 19:12:38 (Std) 	WindowRendererFactory 'Core/ListHeaderSegment' added. (0x55bdeb0028c0)
14/01/2019 19:12:38 (Std) 	Created WindowRendererFactory for 'Core/Listbox' WindowRenderers.
14/01/2019 19:12:38 (Std) 	WindowRendererFactory 'Core/Listbox' added. (0x55bdeb002980)
14/01/2019 19:12:38 (Std) 	Created WindowRendererFactory for 'Core/Menubar' WindowRenderers.
14/01/2019 19:12:38 (Std) 	WindowRendererFactory 'Core/Menubar' added. (0x55bdeb072da0)
14/01/2019 19:12:38 (Std) 	Created WindowRendererFactory for 'Core/MenuItem' WindowRenderers.
14/01/2019 19:12:38 (Std) 	WindowRendererFactory 'Core/MenuItem' added. (0x55bdeb072e60)
14/01/2019 19:12:38 (Std) 	Created WindowRendererFactory for 'Core/MultiColumnList' WindowRenderers.
14/01/2019 19:12:38 (Std) 	WindowRendererFactory 'Core/MultiColumnList' added. (0x55bdeb073000)
14/01/2019 19:12:38 (Std) 	Created WindowRendererFactory for 'Core/MultiLineEditbox' WindowRenderers.
14/01/2019 19:12:38 (Std) 	WindowRendererFactory 'Core/MultiLineEditbox' added. (0x55bdeb0731a0)
14/01/2019 19:12:38 (Std) 	Created WindowRendererFactory for 'Core/PopupMenu' WindowRenderers.
14/01/2019 19:12:38 (Std) 	WindowRendererFactory 'Core/PopupMenu' added. (0x55bdeb073340)
14/01/2019 19:12:38 (Std) 	Created WindowRendererFactory for 'Core/ProgressBar' WindowRenderers.
14/01/2019 19:12:38 (Std) 	WindowRendererFactory 'Core/ProgressBar' added. (0x55bdeb20f620)
14/01/2019 19:12:38 (Std) 	Created WindowRendererFactory for 'Core/ScrollablePane' WindowRenderers.
14/01/2019 19:12:38 (Std) 	WindowRendererFactory 'Core/ScrollablePane' added. (0x55bdeb20f8a0)
14/01/2019 19:12:38 (Std) 	Created WindowRendererFactory for 'Core/Scrollbar' WindowRenderers.
14/01/2019 19:12:38 (Std) 	WindowRendererFactory 'Core/Scrollbar' added. (0x55bdeb20f960)
14/01/2019 19:12:38 (Std) 	Created WindowRendererFactory for 'Core/Slider' WindowRenderers.
14/01/2019 19:12:38 (Std) 	WindowRendererFactory 'Core/Slider' added. (0x55bdeb20fa20)
14/01/2019 19:12:38 (Std) 	Created WindowRendererFactory for 'Core/Static' WindowRenderers.
14/01/2019 19:12:38 (Std) 	WindowRendererFactory 'Core/Static' added. (0x55bdeb20fca0)
14/01/2019 19:12:38 (Std) 	Created WindowRendererFactory for 'Core/StaticImage' WindowRenderers.
14/01/2019 19:12:38 (Std) 	WindowRendererFactory 'Core/StaticImage' added. (0x55bdeb20fd60)
14/01/2019 19:12:38 (Std) 	Created WindowRendererFactory for 'Core/StaticText' WindowRenderers.
14/01/2019 19:12:38 (Std) 	WindowRendererFactory 'Core/StaticText' added. (0x55bdeb209ef0)
14/01/2019 19:12:38 (Std) 	Created WindowRendererFactory for 'Core/TabButton' WindowRenderers.
14/01/2019 19:12:38 (Std) 	WindowRendererFactory 'Core/TabButton' added. (0x55bdeb20a250)
14/01/2019 19:12:38 (Std) 	Created WindowRendererFactory for 'Core/TabControl' WindowRenderers.
14/01/2019 19:12:38 (Std) 	WindowRendererFactory 'Core/TabControl' added. (0x55bdeb20a310)
14/01/2019 19:12:38 (Std) 	Created WindowRendererFactory for 'Core/Titlebar' WindowRenderers.
14/01/2019 19:12:38 (Std) 	WindowRendererFactory 'Core/Titlebar' added. (0x55bdeb20a590)
14/01/2019 19:12:38 (Std) 	Created WindowRendererFactory for 'Core/ToggleButton' WindowRenderers.
14/01/2019 19:12:38 (Std) 	WindowRendererFactory 'Core/ToggleButton' added. (0x55bdeb20a650)
14/01/2019 19:12:38 (Std) 	Created WindowRendererFactory for 'Core/Tooltip' WindowRenderers.
14/01/2019 19:12:38 (Std) 	WindowRendererFactory 'Core/Tooltip' added. (0x55bdeb20a710)
14/01/2019 19:12:38 (Std) 	Created WindowRendererFactory for 'Core/ItemListbox' WindowRenderers.
14/01/2019 19:12:38 (Std) 	WindowRendererFactory 'Core/ItemListbox' added. (0x55bdeb20a990)
14/01/2019 19:12:38 (Std) 	Created WindowRendererFactory for 'Core/Tree' WindowRenderers.
14/01/2019 19:12:38 (Std) 	WindowRendererFactory 'Core/Tree' added. (0x55bdeb205c30)
14/01/2019 19:12:38 (Std) 	Creating falagard mapping for type 'Vanilla/Label' using base type 'DefaultWindow', window renderer 'Core/Default' Look'N'Feel 'Vanilla/Label' and RenderEffect ''. (0x7fffad925c30)
14/01/2019 19:12:38 (Std) 	Creating falagard mapping for type 'Vanilla/Titlebar' using base type 'CEGUI/Titlebar', window renderer 'Core/Titlebar' Look'N'Feel 'Vanilla/Titlebar' and RenderEffect ''. (0x7fffad925c30)
14/01/2019 19:12:38 (Std) 	Creating falagard mapping for type 'Vanilla/Button' using base type 'CEGUI/PushButton', window renderer 'Core/Button' Look'N'Feel 'Vanilla/Button' and RenderEffect ''. (0x7fffad925c30)
14/01/2019 19:12:38 (Std) 	Creating falagard mapping for type 'Vanilla/FrameWindow' using base type 'CEGUI/FrameWindow', window renderer 'Core/FrameWindow' Look'N'Feel 'Vanilla/FrameWindow' and RenderEffect ''. (0x7fffad925c30)
14/01/2019 19:12:38 (Std) 	Creating falagard mapping for type 'Vanilla/Editbox' using base type 'CEGUI/Editbox', window renderer 'Core/Editbox' Look'N'Feel 'Vanilla/Editbox' and RenderEffect ''. (0x7fffad925c30)
14/01/2019 19:12:38 (Std) 	Creating falagard mapping for type 'Vanilla/VerticalScrollbarThumb' using base type 'CEGUI/Thumb', window renderer 'Core/Button' Look'N'Feel 'Vanilla/VerticalScrollbarThumb' and RenderEffect ''. (0x7fffad925c30)
14/01/2019 19:12:38 (Std) 	Creating falagard mapping for type 'Vanilla/VerticalScrollbar' using base type 'CEGUI/Scrollbar', window renderer 'Core/Scrollbar' Look'N'Feel 'Vanilla/VerticalScrollbar' and RenderEffect ''. (0x7fffad925c30)
14/01/2019 19:12:38 (Std) 	Creating falagard mapping for type 'Vanilla/HorizontalScrollbarThumb' using base type 'CEGUI/Thumb', window renderer 'Core/Button' Look'N'Feel 'Vanilla/HorizontalScrollbarThumb' and RenderEffect ''. (0x7fffad925c30)
14/01/2019 19:12:38 (Std) 	Creating falagard mapping for type 'Vanilla/HorizontalScrollbar' using base type 'CEGUI/Scrollbar', window renderer 'Core/Scrollbar' Look'N'Feel 'Vanilla/HorizontalScrollbar' and RenderEffect ''. (0x7fffad925c30)
14/01/2019 19:12:38 (Std) 	Creating falagard mapping for type 'Vanilla/StaticImage' using base type 'DefaultWindow', window renderer 'Core/StaticImage' Look'N'Feel 'Vanilla/StaticImage' and RenderEffect ''. (0x7fffad925c30)
14/01/2019 19:12:38 (Std) 	Creating falagard mapping for type 'Vanilla/StaticText' using base type 'DefaultWindow', window renderer 'Core/StaticText' Look'N'Feel 'Vanilla/StaticText' and RenderEffect ''. (0x7fffad925c30)
14/01/2019 19:12:38 (Std) 	Creating falagard mapping for type 'Vanilla/Listbox' using base type 'CEGUI/Listbox', window renderer 'Core/Listbox' Look'N'Feel 'Vanilla/Listbox' and RenderEffect ''. (0x7fffad925c30)
14/01/2019 19:12:38 (Std) 	Creating falagard mapping for type 'Vanilla/MultiLineEditbox' using base type 'CEGUI/MultiLineEditbox', window renderer 'Core/MultiLineEditbox' Look'N'Feel 'Vanilla/MultiLineEditbox' and RenderEffect ''. (0x7fffad925c30)
14/01/2019 19:12:38 (Std) 	Creating falagard mapping for type 'Vanilla/ComboDropList' using base type 'CEGUI/ComboDropList', window renderer 'Core/Listbox' Look'N'Feel 'Vanilla/ComboDropList' and RenderEffect ''. (0x7fffad925c30)
14/01/2019 19:12:38 (Std) 	Creating falagard mapping for type 'Vanilla/Combobox' using base type 'CEGUI/Combobox', window renderer 'Core/Default' Look'N'Feel 'Vanilla/Combobox' and RenderEffect ''. (0x7fffad925c30)
14/01/2019 19:12:38 (Std) 	Creating falagard mapping for type 'Vanilla/ProgressBar' using base type 'CEGUI/ProgressBar', window renderer 'Core/ProgressBar' Look'N'Feel 'Vanilla/ProgressBar' and RenderEffect ''. (0x7fffad925c30)
14/01/2019 19:12:38 (Std) 	Creating falagard mapping for type 'Vanilla/Checkbox' using base type 'CEGUI/ToggleButton', window renderer 'Core/ToggleButton' Look'N'Feel 'Vanilla/Checkbox' and RenderEffect ''. (0x7fffad925c30)
14/01/2019 19:12:38 (Std) 	Creating falagard mapping for type 'Vanilla/RadioButton' using base type 'CEGUI/RadioButton', window renderer 'Core/ToggleButton' Look'N'Feel 'Vanilla/RadioButton' and RenderEffect ''. (0x7fffad925c30)
14/01/2019 19:12:38 (Std) 	Creating falagard mapping for type 'Vanilla/Tooltip' using base type 'CEGUI/Tooltip', window renderer 'Core/Tooltip' Look'N'Feel 'Vanilla/Tooltip' and RenderEffect ''. (0x7fffad925c30)
14/01/2019 19:12:38 (Std) 	---- Successfully completed loading of GUI layout from 'game.layout' ----
14/01/2019 19:12:38 (Std) 	---- Successfully completed loading of GUI layout from 'inventory.layout' ----
14/01/2019 19:12:38 (Std) 	[OpenGLRenderer] Created texture: _ogl_tt_tex_0
14/01/2019 19:12:38 (Std) 	---- Successfully completed loading of GUI layout from 'options.layout' ----
14/01/2019 19:12:38 (Std) 	[OpenGLRenderer] Created texture: _ogl_tt_tex_1
14/01/2019 19:12:38 (Std) 	---- Successfully completed loading of GUI layout from 'chat.layout' ----
14/01/2019 19:12:38 (Std) 	[OpenGLRenderer] Created texture: DejaVuSans-12_auto_glyph_images_32
